wear/build/intermediates/manifest_merge_blame_file/debug/processDebugMainManifest/manifest-merger-blame-debug-report.txt
1<?xml version="1.0" encoding="utf-8"?>
2<manifest xmlns:android="http://schemas.android.com/apk/res/android"
3    package="com.example.sleepwisepoc"
4    android:versionCode="1"
5    android:versionName="1.0" >
6
7    <uses-sdk
8        android:minSdkVersion="30"
9        android:targetSdkVersion="34" />
10
11    <!--
12         This is a Wear OS companion APK to the phone app — declare standalone=false
13         so Wear OS knows it's paired with a phone app of the same applicationId.
14    -->
15    <uses-feature android:name="android.hardware.type.watch" />
15-->src/main/AndroidManifest.xml:7:5-64
15-->src/main/AndroidManifest.xml:7:19-61
16
17    <!-- Real-time HR + accelerometer access -->
18    <uses-permission android:name="android.permission.BODY_SENSORS" />
18-->src/main/AndroidManifest.xml:10:5-71
18-->src/main/AndroidManifest.xml:10:22-68
19    <!--
20         BODY_SENSORS_BACKGROUND (Android 13+) so the foreground service keeps
21         streaming HR with the screen off / on the wrist.
22    -->
23    <uses-permission android:name="android.permission.BODY_SENSORS_BACKGROUND" />
23-->src/main/AndroidManifest.xml:13:5-82
23-->src/main/AndroidManifest.xml:13:22-79
24    <!-- Foreground service so the watch OS keeps our HR loop alive overnight -->
25    <uses-permission android:name="android.permission.FOREGROUND_SERVICE" />
25-->src/main/AndroidManifest.xml:15:5-77
25-->src/main/AndroidManifest.xml:15:22-74
26    <uses-permission android:name="android.permission.FOREGROUND_SERVICE_HEALTH" />
26-->src/main/AndroidManifest.xml:16:5-84
26-->src/main/AndroidManifest.xml:16:22-81
27    <uses-permission android:name="android.permission.WAKE_LOCK" />
27-->src/main/AndroidManifest.xml:17:5-68
27-->src/main/AndroidManifest.xml:17:22-65
28
29    <queries>
29-->[androidx.health:health-services-client:1.0.0-rc01] AndroidManifest.xml:19:5-21:15
30        <package android:name="com.google.android.wearable.healthservices" />
30-->[androidx.health:health-services-client:1.0.0-rc01] AndroidManifest.xml:20:9-78
30-->[androidx.health:health-services-client:1.0.0-rc01] AndroidManifest.xml:20:18-75
31    </queries>
32
33    <permission
33-->[androidx.core:core:1.13.1] AndroidManifest.xml:22:5-24:47
34        android:name="com.example.sleepwisepoc.DYNAMIC_RECEIVER_NOT_EXPORTED_PERMISSION"
34-->[androidx.core:core:1.13.1] AndroidManifest.xml:23:9-81
35        android:protectionLevel="signature" />
35-->[androidx.core:core:1.13.1] AndroidManifest.xml:24:9-44
36
37    <uses-permission android:name="com.example.sleepwisepoc.DYNAMIC_RECEIVER_NOT_EXPORTED_PERMISSION" />
37-->[androidx.core:core:1.13.1] AndroidManifest.xml:26:5-97
37-->[androidx.core:core:1.13.1] AndroidManifest.xml:26:22-94
38
39    <application
39-->src/main/AndroidManifest.xml:19:5-62:19
40        android:allowBackup="true"
40-->src/main/AndroidManifest.xml:20:9-35
41        android:appComponentFactory="androidx.core.app.CoreComponentFactory"
41-->[androidx.core:core:1.13.1] AndroidManifest.xml:28:18-86
42        android:debuggable="true"
43        android:extractNativeLibs="false"
44        android:label="SleepWise"
44-->src/main/AndroidManifest.xml:21:9-34
45        android:theme="@android:style/Theme.DeviceDefault" >
45-->src/main/AndroidManifest.xml:22:9-59
46
47        <!--
48             Companion-app marker. standalone=false ties the watch APK to the
49             phone APK with the same applicationId (com.example.sleepwisepoc).
50        -->
51        <meta-data
51-->src/main/AndroidManifest.xml:27:9-29:37
52            android:name="com.google.android.wearable.standalone"
52-->src/main/AndroidManifest.xml:28:13-66
53            android:value="false" />
53-->src/main/AndroidManifest.xml:29:13-34
54
55        <!-- Tiny launcher activity (just "Streaming HR…" / "Idle"). -->
56        <activity
56-->src/main/AndroidManifest.xml:32:9-40:20
57            android:name="com.example.sleepwisepoc.wear.MainActivity"
57-->src/main/AndroidManifest.xml:33:13-41
58            android:exported="true"
58-->src/main/AndroidManifest.xml:34:13-36
59            android:label="SleepWise" >
59-->src/main/AndroidManifest.xml:35:13-38
60            <intent-filter>
60-->src/main/AndroidManifest.xml:36:13-39:29
61                <action android:name="android.intent.action.MAIN" />
61-->src/main/AndroidManifest.xml:37:17-69
61-->src/main/AndroidManifest.xml:37:25-66
62
63                <category android:name="android.intent.category.LAUNCHER" />
63-->src/main/AndroidManifest.xml:38:17-77
63-->src/main/AndroidManifest.xml:38:27-74
64            </intent-filter>
65        </activity>
66
67        <!--
68             Foreground service that registers MeasureClient for HR and forwards
69             values to the phone via MessageClient. Started by the phone app
70             through Wearable Data Layer when tracking begins.
71        -->
72        <service
72-->src/main/AndroidManifest.xml:45:9-48:54
73            android:name="com.example.sleepwisepoc.wear.HrStreamService"
73-->src/main/AndroidManifest.xml:46:13-44
74            android:exported="false"
74-->src/main/AndroidManifest.xml:47:13-37
75            android:foregroundServiceType="health" />
75-->src/main/AndroidManifest.xml:48:13-51
76
77        <!--
78             Receives "start streaming" / "stop streaming" messages from the
79             phone via Wearable Data Layer.
80        -->
81        <service
81-->src/main/AndroidManifest.xml:52:9-60:19
82            android:name="com.example.sleepwisepoc.wear.PhoneCommandListener"
82-->src/main/AndroidManifest.xml:53:13-49
83            android:exported="true" >
83-->src/main/AndroidManifest.xml:54:13-36
84            <intent-filter>
84-->src/main/AndroidManifest.xml:56:13-59:29
85                <action android:name="com.google.android.gms.wearable.MESSAGE_RECEIVED" />
85-->src/main/AndroidManifest.xml:57:17-91
85-->src/main/AndroidManifest.xml:57:25-88
86
87                <data
87-->src/main/AndroidManifest.xml:58:17-100
88                    android:host="*"
88-->src/main/AndroidManifest.xml:58:45-61
89                    android:pathPrefix="/sleepwise/cmd"
89-->src/main/AndroidManifest.xml:58:62-97
90                    android:scheme="wear" />
90-->src/main/AndroidManifest.xml:58:23-44
91            </intent-filter>
92        </service>
93
94        <uses-library
94-->[androidx.wear:wear:1.3.0] AndroidManifest.xml:23:9-25:40
95            android:name="com.google.android.wearable"
95-->[androidx.wear:wear:1.3.0] AndroidManifest.xml:24:13-55
96            android:required="false" />
96-->[androidx.wear:wear:1.3.0] AndroidManifest.xml:25:13-37
97
98        <service
98-->[androidx.health:health-services-client:1.0.0-rc01] AndroidManifest.xml:24:9-31:19
99            android:name="androidx.health.services.client.VersionApiService"
99-->[androidx.health:health-services-client:1.0.0-rc01] AndroidManifest.xml:25:13-77
100            android:exported="true"
100-->[androidx.health:health-services-client:1.0.0-rc01] AndroidManifest.xml:26:13-36
101            android:permission="com.google.android.wearable.healthservices.permission.PASSIVE_DATA_BINDING" >
101-->[androidx.health:health-services-client:1.0.0-rc01] AndroidManifest.xml:27:13-108
102            <intent-filter>
102-->[androidx.health:health-services-client:1.0.0-rc01] AndroidManifest.xml:28:13-30:29
103                <action android:name="hs.versionclient.BIND" />
103-->[androidx.health:health-services-client:1.0.0-rc01] AndroidManifest.xml:29:17-64
103-->[androidx.health:health-services-client:1.0.0-rc01] AndroidManifest.xml:29:25-61
104            </intent-filter>
105        </service>
106
107        <activity
107-->[com.google.android.gms:play-services-base:18.5.0] AndroidManifest.xml:5:9-173
108            android:name="com.google.android.gms.common.api.GoogleApiActivity"
108-->[com.google.android.gms:play-services-base:18.5.0] AndroidManifest.xml:5:19-85
109            android:exported="false"
109-->[com.google.android.gms:play-services-base:18.5.0] AndroidManifest.xml:5:146-170
110            android:theme="@android:style/Theme.Translucent.NoTitleBar" />
110-->[com.google.android.gms:play-services-base:18.5.0] AndroidManifest.xml:5:86-145
111
112        <meta-data
112-->[com.google.android.gms:play-services-basement:18.4.0] AndroidManifest.xml:6:9-122
113            android:name="com.google.android.gms.version"
113-->[com.google.android.gms:play-services-basement:18.4.0] AndroidManifest.xml:6:20-65
114            android:value="@integer/google_play_services_version" />
114-->[com.google.android.gms:play-services-basement:18.4.0] AndroidManifest.xml:6:66-119
115
116        <provider
116-->[androidx.profileinstaller:profileinstaller:1.3.0] AndroidManifest.xml:24:9-32:20
117            android:name="androidx.startup.InitializationProvider"
117-->[androidx.profileinstaller:profileinstaller:1.3.0] AndroidManifest.xml:25:13-67
118            android:authorities="com.example.sleepwisepoc.androidx-startup"
118-->[androidx.profileinstaller:profileinstaller:1.3.0] AndroidManifest.xml:26:13-68
119            android:exported="false" >
119-->[androidx.profileinstaller:profileinstaller:1.3.0] AndroidManifest.xml:27:13-37
120            <meta-data
120-->[androidx.profileinstaller:profileinstaller:1.3.0] AndroidManifest.xml:29:13-31:52
121                android:name="androidx.profileinstaller.ProfileInstallerInitializer"
121-->[androidx.profileinstaller:profileinstaller:1.3.0] AndroidManifest.xml:30:17-85
122                android:value="androidx.startup" />
122-->[androidx.profileinstaller:profileinstaller:1.3.0] AndroidManifest.xml:31:17-49
123        </provider>
124
125        <receiver
125-->[androidx.profileinstaller:profileinstaller:1.3.0] AndroidManifest.xml:34:9-52:20
126            android:name="androidx.profileinstaller.ProfileInstallReceiver"
126-->[androidx.profileinstaller:profileinstaller:1.3.0] AndroidManifest.xml:35:13-76
127            android:directBootAware="false"
127-->[androidx.profileinstaller:profileinstaller:1.3.0] AndroidManifest.xml:36:13-44
128            android:enabled="true"
128-->[androidx.profileinstaller:profileinstaller:1.3.0] AndroidManifest.xml:37:13-35
129            android:exported="true"
129-->[androidx.profileinstaller:profileinstaller:1.3.0] AndroidManifest.xml:38:13-36
130            android:permission="android.permission.DUMP" >
130-->[androidx.profileinstaller:profileinstaller:1.3.0] AndroidManifest.xml:39:13-57
131            <intent-filter>
131-->[androidx.profileinstaller:profileinstaller:1.3.0] AndroidManifest.xml:40:13-42:29
132                <action android:name="androidx.profileinstaller.action.INSTALL_PROFILE" />
132-->[androidx.profileinstaller:profileinstaller:1.3.0] AndroidManifest.xml:41:17-91
132-->[androidx.profileinstaller:profileinstaller:1.3.0] AndroidManifest.xml:41:25-88
133            </intent-filter>
134            <intent-filter>
134-->[androidx.profileinstaller:profileinstaller:1.3.0] AndroidManifest.xml:43:13-45:29
135                <action android:name="androidx.profileinstaller.action.SKIP_FILE" />
135-->[androidx.profileinstaller:profileinstaller:1.3.0] AndroidManifest.xml:44:17-85
135-->[androidx.profileinstaller:profileinstaller:1.3.0] AndroidManifest.xml:44:25-82
136            </intent-filter>
137            <intent-filter>
137-->[androidx.profileinstaller:profileinstaller:1.3.0] AndroidManifest.xml:46:13-48:29
138                <action android:name="androidx.profileinstaller.action.SAVE_PROFILE" />
138-->[androidx.profileinstaller:profileinstaller:1.3.0] AndroidManifest.xml:47:17-88
138-->[androidx.profileinstaller:profileinstaller:1.3.0] AndroidManifest.xml:47:25-85
139            </intent-filter>
140            <intent-filter>
140-->[androidx.profileinstaller:profileinstaller:1.3.0] AndroidManifest.xml:49:13-51:29
141                <action android:name="androidx.profileinstaller.action.BENCHMARK_OPERATION" />
141-->[androidx.profileinstaller:profileinstaller:1.3.0] AndroidManifest.xml:50:17-95
141-->[androidx.profileinstaller:profileinstaller:1.3.0] AndroidManifest.xml:50:25-92
142            </intent-filter>
143        </receiver>
144    </application>
145
146</manifest>